0:100  0:100  MemLog inited, TSC freq: 3411128035
0:100  0:000  CPU was calibrated with ACPI PM Timer
0:100  0:000  
0:100  0:000  Now is 19.01.2020,  22:52:12 (GMT)
0:100  0:000  Starting Clover revision: 5102 (master, commit 12d559ae) on American Megatrends EFI
0:100  0:000  Build with: [Args: -D NO_GRUB_DRIVERS_EMBEDDED -t GCC53 | -D NO_GRUB_DRIVERS_EMBEDDED --conf=/Users/macman/Development/CloverBootloader/Conf -D USE_LOW_EBDA -a X64 -b RELEASE -t GCC53 -n 17 | OS: 10.14.6]
0:100  0:000  SelfDevicePath=PciRoot(0x0)\Pci(0x1A,0x0)\USB(0x1,0x0)\USB(0x1,0x0)\HD(1,GPT,75F5F2F3-D333-4431-A06B-DA449B463319,0x28,0x64000) @233A298
0:100  0:000  SelfDirPath = \EFI\BOOT
0:102  0:001  SimpleTextEx Status=Success
0:102  0:000  === [ Get Smbios ] ========================================
0:102  0:000  Type 16 Index = 0
0:102  0:000  Total Memory Slots Count = 4
0:102  0:000  Type 17 Index = 0
0:102  0:000  Table has error information, checking
0:102  0:000  Found memory information in table 18/1, type=0x3, operation=0x2 syndrome=0x0
0:102  0:000  ...memory OK
0:102  0:000  SmbiosTable.Type17->Speed = 1067MHz
0:102  0:000  SmbiosTable.Type17->Size = 8192MB
0:102  0:000  SmbiosTable.Type17->Bank/Device = BANK 0 ChannelA-DIMM0
0:102  0:000  SmbiosTable.Type17->Vendor = 029E
0:102  0:000  SmbiosTable.Type17->SerialNumber = 00000000
0:102  0:000  SmbiosTable.Type17->PartNumber = CMZ8GX3M1A1600C10 
0:102  0:000  Type 17 Index = 1
0:102  0:000  SmbiosTable.Type17->Speed = 1067MHz
0:102  0:000  SmbiosTable.Type17->Size = 8192MB
0:102  0:000  SmbiosTable.Type17->Bank/Device = BANK 1 ChannelA-DIMM1
0:102  0:000  SmbiosTable.Type17->Vendor = 029E
0:102  0:000  SmbiosTable.Type17->SerialNumber = 00000000
0:102  0:000  SmbiosTable.Type17->PartNumber = CMV8GX3M1A1600C11 
0:102  0:000  Type 17 Index = 2
0:102  0:000  Table has error information, checking
0:102  0:000  Found memory information in table 18/2, type=0x3, operation=0x2 syndrome=0x0
0:102  0:000  ...memory OK
0:102  0:000  Ignoring insane frequency value 0MHz
0:102  0:000  SmbiosTable.Type17->Speed = 0MHz
0:102  0:000  SmbiosTable.Type17->Size = 0MB
0:102  0:000  SmbiosTable.Type17->Bank/Device = BANK 2 ChannelB-DIMM0
0:102  0:000  SmbiosTable.Type17->Vendor = <null string>
0:102  0:000  SmbiosTable.Type17->SerialNumber = <null string>
0:102  0:000  SmbiosTable.Type17->PartNumber = <null string>
0:102  0:000  Type 17 Index = 3
0:102  0:000  Ignoring insane frequency value 0MHz
0:102  0:000  SmbiosTable.Type17->Speed = 0MHz
0:102  0:000  SmbiosTable.Type17->Size = 0MB
0:102  0:000  SmbiosTable.Type17->Bank/Device = BANK 3 ChannelB-DIMM1
0:102  0:000  SmbiosTable.Type17->Vendor = <null string>
0:102  0:000  SmbiosTable.Type17->SerialNumber = <null string>
0:102  0:000  SmbiosTable.Type17->PartNumber = <null string>
0:102  0:000  Boot status=0
0:102  0:000  Running on: 'System Product Name' with board 'P8P67 PRO'
0:102  0:000  === [ GetCPUProperties ] ==================================
0:102  0:000  CPU Vendor = 756E6547 Model=206A7
0:102  0:000   The CPU supported SSE4.1
0:102  0:000  BrandString = Intel(R) Core(TM) i7-2600K CPU @ 3.40GHz
0:102  0:000   The CPU supported turbo
0:102  0:000  MSR 0x35               40008
0:102  0:000  MSR 0xE2 before patch 1E008403
0:102  0:000  MSR 0xE2 is locked, PM patches will be turned on
0:102  0:000  MSR 0xCE              00001000_70012200
0:102  0:000  corrected FLEX_RATIO = E0000
0:102  0:000  MSR 0x1B0             00000000
0:102  0:000  FSBFrequency = 100 MHz, DMI FSBFrequency = 100 MHz, Corrected FSBFrequency = 100 MHz
0:102  0:000  MaxDiv/MinDiv: 34.0/16
0:102  0:000  Turbo: 35/36/37/38
0:102  0:000  Features: 0xBFEBFBFF
0:102  0:000  Threads: 8
0:102  0:000  Cores: 4
0:102  0:000  FSB: 100 MHz
0:102  0:000  CPU: 3400 MHz
0:102  0:000  TSC: 3400 MHz
0:102  0:000  PIS: 100 MHz
0:102  0:000  ExternalClock: 25 MHz
0:102  0:000  === [ GetDevices ] ========================================
0:102  0:000  GOP found at: PciRoot(0x0)/Pci(0x1,0x0)/Pci(0x0,0x0)/AcpiAdr(0x80010100)
0:102  0:000  PCI (00|00:00.00) : 8086 0100 class=060000
0:102  0:000  PCI (00|00:01.00) : 8086 0101 class=060400
0:102  0:000  PCI (00|01:00.00) : 1002 67DF class=030000
0:102  0:000   - GOP: Provided by device
0:102  0:000   - GFX: Model=AMD Radeon RX 480 (ATI/AMD)
0:102  0:000  PCI (00|01:00.01) : 1002 AAF0 class=040300
0:102  0:000   - HDMI Audio: 
0:102  0:000  PCI (00|00:16.00) : 8086 1C3A class=078000
0:102  0:000  PCI (00|00:16.01) : FFFF FFFF class=FFFFFF
0:102  0:000  PCI (00|00:16.03) : FFFF FFFF class=FFFFFF
0:102  0:000  PCI (00|00:19.00) : 8086 1503 class=020000
0:102  0:000   - LAN: 0 Vendor=Intel
0:102  0:000  PCI (00|00:1A.00) : 8086 1C2D class=0C0320
0:102  0:000  PCI (00|00:1B.00) : 8086 1C20 class=040300
0:102  0:000  PCI (00|00:1C.00) : 8086 1C10 class=060400
0:102  0:000  PCI (00|00:1C.01) : 8086 1C12 class=060400
0:102  0:000  PCI (00|03:00.00) : 1033 0194 class=0C0330
0:102  0:000  PCI (00|00:1C.02) : 8086 1C14 class=060400
0:102  0:000  PCI (00|04:00.00) : 168C 0030 class=028000
0:102  0:000   - WIFI: Vendor=Atheros
0:102  0:000  PCI (00|00:1C.03) : 8086 1C16 class=060400
0:102  0:000  PCI (00|05:00.00) : 197B 2362 class=010185
0:102  0:000  PCI (00|00:1C.04) : 8086 1C18 class=060400
0:102  0:000  PCI (00|06:00.00) : 1033 0194 class=0C0330
0:102  0:000  PCI (00|00:1C.06) : 8086 244E class=060401
0:102  0:000  PCI (00|07:00.00) : 1B21 1080 class=060401
0:102  0:000  PCI (00|08:03.00) : 1106 3044 class=0C0010
0:102  0:000  PCI (00|00:1C.07) : 8086 1C1E class=060400
0:102  0:000  PCI (00|09:00.00) : 1B4B 9172 class=010601
0:102  0:000  PCI (00|00:1D.00) : 8086 1C26 class=0C0320
0:102  0:000  PCI (00|00:1F.00) : 8086 1C46 class=060100
0:102  0:000  PCI (00|00:1F.02) : 8086 1C02 class=010601
0:102  0:000  PCI (00|00:1F.03) : 8086 1C22 class=0C0500
0:102  0:000  PCI (00|00:1F.06) : FFFF FFFF class=FFFFFF
0:102  0:000  === [ GetDefaultSettings ] ================================
0:103  0:000  Clover load options size = 4 bytes
0:111  0:008  CheckOEMPathExists tried EFI\CLOVER\OEM\System Product Name--00-00-00-00-00-00. Dir not exists
0:111  0:000  CheckOEMPathExists tried EFI\CLOVER\OEM\P8P67 PRO\UEFI. Dir not exists
0:111  0:000  CheckOEMPathExists tried EFI\CLOVER\OEM\System Product Name. Dir not exists
0:111  0:000  CheckOEMPathExists tried EFI\CLOVER\OEM\System Product Name-3400. Dir not exists
0:111  0:000  CheckOEMPathExists tried EFI\CLOVER\OEM\P8P67 PRO. Dir not exists
0:111  0:000  CheckOEMPathExists tried EFI\CLOVER\OEM\P8P67 PRO-3400. Dir not exists
0:111  0:000  set OEMPath by default: EFI\CLOVER
0:111  0:000  EFI\CLOVER\AMB.plist not loaded with name from LoadOptions: Not Found
0:111  0:000  CheckOEMPathExists tried EFI\CLOVER\OEM\System Product Name--00-00-00-00-00-00. Dir not exists
0:111  0:000  CheckOEMPathExists tried EFI\CLOVER\OEM\P8P67 PRO\UEFI. Dir not exists
0:111  0:000  CheckOEMPathExists tried EFI\CLOVER\OEM\System Product Name. Dir not exists
0:111  0:000  CheckOEMPathExists tried EFI\CLOVER\OEM\System Product Name-3400. Dir not exists
0:111  0:000  CheckOEMPathExists tried EFI\CLOVER\OEM\P8P67 PRO. Dir not exists
0:111  0:000  CheckOEMPathExists tried EFI\CLOVER\OEM\P8P67 PRO-3400. Dir not exists
0:111  0:000  set OEMPath by default: EFI\CLOVER
0:115  0:004  EFI\CLOVER\config.plist loaded: Success
0:115  0:000  === [ GetListOfThemes ] ===================================
0:119  0:003  - [00]: EMBEDDED
0:122  0:003  - [00]: RANDOM
0:125  0:002  - [00]: tonymacx86
0:131  0:006  === [ Found config plists ] ===============================
0:131  0:000  - config.plist
0:131  0:000  === [ GetEarlyUserSettings ] ==============================
0:131  0:000  timeout set to 3
0:131  0:000  Custom boot CUSTOM_BOOT_DISABLED (0x0)
0:311  0:180  KextsToPatch: 3 requested
0:319  0:007   - [00]: com.apple.iokit.IOUSBHostFamily (USB port limit patch #1 10.15.x by pmheart, daliansky and ydeng) :: MatchOS: 10.15.x :: BinPatch :: data len: 4
0:355  0:036   - [01]: com.apple.driver.usb.AppleUSBXHCI (USB port limit patch #2 10.15.x by pmheart, daliansky and ydeng) :: MatchOS: 10.15.x :: BinPatch :: data len: 4
0:398  0:043   - [02]: AMD9500Controller (Black Screen fix 3) :: BinPatch :: data len: 120
0:428  0:029  Default theme: tonymacx86
0:435  0:007  Hiding entries with string Windows
0:442  0:007  Hiding entries with string BOOTX64.EFI
0:450  0:007  === [ LoadDrivers ] =======================================
0:766  0:316  Loading ApfsDriverLoader.efi  status=Success
0:793  0:026   - driver needs connecting
0:800  0:007  Loading AptioMemoryFix.efi  status=Success
0:834  0:034  Loading AudioDxe.efi  status=Success
0:863  0:029   - driver needs connecting
0:871  0:007  Loading DataHubDxe.efi  status=Success
0:931  0:059  Loading FSInject.efi  status=Success
0:966  0:035  Loading VBoxHfs.efi  status=Success
0:996  0:030   - driver needs connecting
1:003  0:007  Loading VirtualSmc.efi  status=Success
1:131  0:127  3 drivers needs connecting ...
1:145  0:013  PlatformDriverOverrideProtocol not found. Installing ... Success
1:160  0:015  APFS driver loaded
1:174  0:013  Searching for invalid DiskIo BY_DRIVER connects: not found, all ok
6:495  5:320  === [ InitScreen ] ========================================
6:827  0:332  Console modes reported: 3, available modes:
6:835  0:007   - [01]: 80x25 (current mode)
6:842  0:007   - [03]: 100x31
6:850  0:007  SetScreenResolution: 1920x1080 - not found!
6:865  0:015  SetMaxResolution: found best mode 2: 1024x768
6:903  0:038  Video mode change to mode #2: Success
6:916  0:012   - set
7:169  0:253  SetScreenResolution: 1024x768 - already set
7:190  0:020  reinit: self device path=PciRoot(0x0)\Pci(0x1A,0x0)\USB(0x1,0x0)\USB(0x1,0x0)\HD(1,GPT,75F5F2F3-D333-4431-A06B-DA449B463319,0x28,0x64000)
7:200  0:009  Using embedded font: Success
7:208  0:008  === [ GetMacAddress ] =====================================
7:507  0:299  === [ ScanSPD ] ===========================================
7:853  0:345  Scanning SMBus [8086:1C22], mmio: 0xF7F25004, ioport: 0xF000, hostc: 0x1
7:880  0:026  Slot: 0 Type 24 8192MB 1600MHz Vendor=Corsair PartNo=CMZ8GX3M1A1600C10 SerialNo=0000000000000000
7:919  0:039  Slot: 1 Type 24 8192MB 1600MHz Vendor=Corsair PartNo=CMV8GX3M1A1600C11 SerialNo=0000000000000000
7:934  0:014  === [ GetAcpiTablesList ] =================================
8:204  0:270  Get Acpi Tables List from RSDT:
8:219  0:015   - [00]: FACP  A M I len=132
8:227  0:007   - [01]: APIC  A M I len=146
8:234  0:007   - [02]: MCFG  A M I len=60
8:242  0:007   - [03]: HPET  A M I len=56
8:250  0:007   - [04]: SSDT  SataTabl len=877
8:264  0:013   - [05]: SSDT  Cpu0Ist len=2474
8:271  0:007   - [06]: SSDT  CpuPm len=2706
8:279  0:007   - [07]: BGRT  A M I len=56
8:286  0:007  Calibrated TSC Frequency = 3411128035 = 3411MHz
8:294  0:007  === [ GetUserSettings ] ===================================
8:579  0:284  USB FixOwnership: no
8:586  0:007  Dropping 1 tables:
8:594  0:007   - [00]: Drop table  signature="MATS" (5354414D)
8:658  0:064           - set table: 5354414D,                0 to drop: no
8:680  0:021   - final DSDT Fix mask=00000000
8:687  0:007  PatchesDSDT: 4 requested
8:695  0:007   - [00]: (Rename HECI to IMEI) lenToFind: 4, lenToReplace: 4, Target Bridge: <null string>
8:733  0:038    patch disabled at config
8:740  0:007   - [01]: (Rename oem _DSM to ZDSM) lenToFind: 4, lenToReplace: 4, Target Bridge: <null string>
8:779  0:038    patch disabled at config
8:786  0:007   - [02]: (change EC0 to EC) lenToFind: 4, lenToReplace: 4, Target Bridge: <null string>
8:824  0:037   - [03]: (Rename GFX0 to IGPU) lenToFind: 4, lenToReplace: 4, Target Bridge: <null string>
8:867  0:042  Using ProductName from config: iMac14,2
8:874  0:007  BiosVersion: not set, Using BiosVersion from clover
8:884  0:009  BiosVersion: IM142.88Z.F000.B00.1907241133
8:892  0:007  BiosReleaseDate: 07/24/2019
8:899  0:007  Using EfiVersion from clover: 140.0.0.0.0
8:906  0:007  Using FirmwareFeatures from clover: 0xE00FE137
8:913  0:007  Using FirmwareFeaturesMask from clover: 0xFF1FFF3F
8:920  0:007  Using PlatformFeature from clover: 0x1
8:937  0:016  === [ Found DSDT tables ] =================================
9:259  0:321  === [ ScanVolumes ] =======================================
9:561  0:302  Found 13 volumes with blockIO
9:568  0:007  - [00]: Volume: PciRoot(0x0)\Pci(0x1A,0x0)\USB(0x1,0x0)\USB(0x1,0x0)
9:584  0:016          USB volume
9:591  0:007          USB volume
9:599  0:007  - [01]: Volume: PciRoot(0x0)\Pci(0x1A,0x0)\USB(0x1,0x0)\USB(0x1,0x0)\HD(1,GPT,75F5F2F3-D333-4431-A06B-DA449B463319,0x28,0x64000)
9:627  0:028          Result of bootcode detection: bootable unknown (legacy)
9:634  0:007          USB volume
9:645  0:010          USB volume
9:657  0:012          This is SelfVolume !!
9:665  0:007  - [02]: Volume: PciRoot(0x0)\Pci(0x1A,0x0)\USB(0x1,0x0)\USB(0x1,0x0)\HD(2,GPT,57333A4D-18CC-45FA-B25F-5491BB927D98,0x64028,0x730BFB0)
9:682  0:017          USB volume
9:690  0:008          USB volume
9:698  0:007  - [03]: Volume: PciRoot(0x0)\Pci(0x1C,0x7)\Pci(0x0,0x0)\VenHw(CF31FAC5-C24E-11D2-85F3-00A0C93EC93B,80)
9:721  0:023  - [04]: Volume: PciRoot(0x0)\Pci(0x1C,0x7)\Pci(0x0,0x0)\VenHw(CF31FAC5-C24E-11D2-85F3-00A0C93EC93B,80)\HD(1,GPT,7E16345C-962F-43F7-A410-50A5B84EC460,0x28,0x64000)
9:736  0:015          Result of bootcode detection: bootable unknown (legacy)
9:751  0:015  - [05]: Volume: PciRoot(0x0)\Pci(0x1C,0x7)\Pci(0x0,0x0)\VenHw(CF31FAC5-C24E-11D2-85F3-00A0C93EC93B,80)\HD(2,GPT,329C4ED6-06A2-49B7-AFE8-70572A45F2F5,0x64028,0x1D190FF0)
9:780  0:028          Result of bootcode detection: bootable unknown (legacy)
9:794  0:014  - [06]: Volume: PciRoot(0x0)\Pci(0x1C,0x7)\Pci(0x0,0x0)\VenHw(CF31FAC5-C24E-11D2-85F3-00A0C93EC93B,80)\HD(3,GPT,A6100BE0-0DC0-4549-98A5-9F3FDD8C63B6,0x1D1F5800,0x1D04E0F9)
9:809  0:015          Result of bootcode detection: bootable Windows (vista,win)
9:817  0:007  - [07]: Volume: PciRoot(0x0)\Pci(0x1C,0x7)\Pci(0x0,0x0)\VenHw(CF31FAC5-C24E-11D2-85F3-00A0C93EC93B,80)\HD(4,GPT,D55D663D-B3FC-40D2-97C4-FDAAB7A4A17F,0x3A244000,0x101800)
9:832  0:015          Result of bootcode detection: bootable Windows (vista,win)
9:846  0:013  - [08]: Volume: PciRoot(0x0)\Pci(0x1C,0x7)\Pci(0x0,0x0)\VenHw(CF31FAC5-C24E-11D2-85F3-00A0C93EC93B,80)\HD(5,GPT,A5CD8E84-AD44-4D27-993F-3E3879B531BB,0x3A346000,0x8000)
9:862  0:015  - [09]: Volume: PciRoot(0x0)\Pci(0x1C,0x7)\Pci(0x0,0x0)\VenHw(CF31FAC5-C24E-11D2-85F3-00A0C93EC93B,80)\HD(2,GPT,329C4ED6-06A2-49B7-AFE8-70572A45F2F5,0x64028,0x1D190FF0)\VenMedia(BE74FCF7-0B7C-49F3-9147-01F4042E6842,50A3CC4DE6ECB745BCF45E5C6DF81828)
9:883  0:021  - [10]: Volume: PciRoot(0x0)\Pci(0x1C,0x7)\Pci(0x0,0x0)\VenHw(CF31FAC5-C24E-11D2-85F3-00A0C93EC93B,80)\HD(2,GPT,329C4ED6-06A2-49B7-AFE8-70572A45F2F5,0x64028,0x1D190FF0)\VenMedia(BE74FCF7-0B7C-49F3-9147-01F4042E6842,D05F492CB86BCB45B53A43963F6B7C7A)
9:898  0:015  - [11]: Volume: PciRoot(0x0)\Pci(0x1C,0x7)\Pci(0x0,0x0)\VenHw(CF31FAC5-C24E-11D2-85F3-00A0C93EC93B,80)\HD(2,GPT,329C4ED6-06A2-49B7-AFE8-70572A45F2F5,0x64028,0x1D190FF0)\VenMedia(BE74FCF7-0B7C-49F3-9147-01F4042E6842,C8967ED648986844A039F374D957E623)
9:920  0:021  - [12]: Volume: PciRoot(0x0)\Pci(0x1C,0x7)\Pci(0x0,0x0)\VenHw(CF31FAC5-C24E-11D2-85F3-00A0C93EC93B,80)\HD(2,GPT,329C4ED6-06A2-49B7-AFE8-70572A45F2F5,0x64028,0x1D190FF0)\VenMedia(BE74FCF7-0B7C-49F3-9147-01F4042E6842,7D323506CC97894A8B02ED0A3FB73E66)
9:935  0:015  found 2 handles with audio
9:943  0:007  No AudioIoDevice stored
9:952  0:008  no stored audio parameters
9:959  0:007  Found Audio Device AMD (Unknown) (HDMI) at index 0
9:967  0:007  Found Audio Device AMD (Unknown) (HDMI) at index 1
9:981  0:013  Found Audio Device AMD (Unknown) (HDMI) at index 2
9:988  0:007  Found Audio Device AMD (Unknown) (HDMI) at index 3
9:995  0:007  Found Audio Device AMD (Unknown) (HDMI) at index 4
10:005  0:009  Found Audio Device AMD (Unknown) (HDMI) at index 5
10:012  0:007  Found Audio Device Realtek ALC892 (SPDIF) at index 6
10:019  0:007  Found Audio Device Realtek ALC892 (LineOut) at index 7
10:027  0:007  Found Audio Device Realtek ALC892 (LineOut) at index 8
10:034  0:007  Found Audio Device Realtek ALC892 (LineOut) at index 9
10:049  0:014  Found Audio Device Realtek ALC892 (LineOut) at index 10
10:056  0:007  Found Audio Device Realtek ALC892 (Headphones) at index 11
10:063  0:007  Found Audio Device Realtek ALC892 (SPDIF) at index 12
10:071  0:007  === [ InitTheme ] =========================================
10:385  0:314  use night theme
10:396  0:011  Using theme 'tonymacx86' (EFI\CLOVER\themes\tonymacx86)
10:404  0:007  file sound read: sound_night.wav Not Found
10:417  0:013  file sound read: sound.wav Not Found
10:425  0:007  Loading font from ThemeDir: Error
10:434  0:008  theme inited
10:441  0:007  Chosen theme tonymacx86
10:449  0:007  after NVRAM boot-args=dart=0 nv_disable=1
10:457  0:007  Scanning legacy ...
10:467  0:010   6: 'Legacy HD3' (vista,win) add legacy
10:524  0:057   added 'Boot Windows from Legacy HD3' OSType=2 Icon=vista,win
10:532  0:007   7: 'Legacy HD4' (vista,win) add legacy
10:551  0:019   added 'Boot Windows from Legacy HD4' OSType=2 Icon=vista,win
10:565  0:014  === [ Dump SMC keys from NVRAM ] ==========================
10:781  0:215  found AppleSMC protocol
10:869  0:088  === [ ScanLoader ] ========================================
11:199  0:329  - [01]: 'EFI'
11:316  0:117          AddLoaderEntry for Volume Name=EFI
11:324  0:008          skipped because entry is hidden
11:332  0:007  - [02]: 'Install macOS Catalina'
11:359  0:027          AddLoaderEntry for Volume Name=Install macOS Catalina
11:481  0:122  - [04]: 'EFI'
11:506  0:024          AddLoaderEntry for Volume Name=EFI
11:617  0:110          AddLoaderEntry for Volume Name=EFI
11:625  0:008          skipped because entry is hidden
11:632  0:007  - [09]: 'Preboot'
11:649  0:016          AddLoaderEntry for Volume Name=Preboot
11:658  0:008      Check if volume Is Hibernated:
11:665  0:007      Check sleep image 'by signature':
11:673  0:007      using default sleep image name = \private\var\vm\sleepimage
11:680  0:007      sleepimage not found -> Not Found
11:697  0:016      hibernated: no - sign
11:710  0:013          AddLoaderEntry for Volume Name=Preboot
11:823  0:112  - [10]: 'Macintosh SSD'
11:846  0:023          AddLoaderEntry for Volume Name=Macintosh SSD
11:871  0:025      Check if volume Is Hibernated:
11:879  0:007      Check sleep image 'by signature':
11:890  0:010      read prefs \Library\Preferences\com.apple.PowerManagement.plist status=Success
11:897  0:007      using default sleep image name = \private\var\vm\sleepimage
11:907  0:009      sleepimage not found -> Not Found
11:921  0:013      hibernated: no - sign
12:033  0:112  - [11]: 'Recovery'
12:051  0:017          AddLoaderEntry for Volume Name=Recovery
12:163  0:112  - [12]: 'VM'
12:277  0:114  === [ AddCustomTool ] =====================================
12:582  0:305  found tool \EFI\CLOVER\tools\Shell64U.efi
12:590  0:007  Checking EFI partition Volume 1 for Clover
12:597  0:007   Found Clover
12:616  0:018  === [ GetEfiBootDeviceFromNvram ] =========================
12:830  0:214  Default boot entry not found
12:838  0:007  DefaultIndex=-1 and MainMenu.EntryCount=14
12:969  0:131  GUI ready
14:372  1:402  exit from MainMenu 7
56:292  41:919  exit from MainMenu 7
